<?xml version="1.0" encoding="UTF-8"?>
<!-- Generated by org.testng.reporters.JUnitReportReporter -->
<testsuite skipped="0" hostname="DESKTOP-0F0OE94" name="api_learning.testng.TestNGHooks01" tests="2" failures="0" timestamp="2022-08-26T14:20:10 ICT" time="0.017" errors="0">
  <testcase name="test02" time="0.008" classname="api_learning.testng.TestNGHooks01"/>
  <system-out/>
  <testcase name="test01" time="0.009" classname="api_learning.testng.TestNGHooks01"/>
  <system-out/>
</testsuite> <!-- api_learning.testng.TestNGHooks01 -->
