<?xml version="1.0" encoding="UTF-8"?>
<!-- Generated by org.testng.reporters.JUnitReportReporter -->
<testsuite hostname="DESKTOP-0F0OE94" failures="0" tests="2" name="tests.testng.TestNGHooks01" time="0.349" errors="0" timestamp="2022-08-04T16:18:30 ICT" skipped="0">
  <testcase classname="tests.testng.TestNGHooks01" name="test02" time="0.011"/>
  <system-out/>
  <testcase classname="tests.testng.TestNGHooks01" name="test01" time="0.338"/>
  <system-out/>
</testsuite> <!-- tests.testng.TestNGHooks01 -->
