<?xml version="1.0" encoding="UTF-8"?>
<!-- Generated by org.testng.reporters.JUnitReportReporter -->
<testsuite hostname="DESKTOP-0F0OE94" failures="0" tests="1" name="tests.form.FormTest" time="0.001" errors="0" timestamp="2022-08-14T18:31:24 ICT" skipped="1">
  <testcase classname="tests.form.FormTest" name="testFormFlow" time="0.001">
    <skipped/>
  </testcase> <!-- testFormFlow -->
  <system-out/>
</testsuite> <!-- tests.form.FormTest -->
