<?xml version="1.0" encoding="UTF-8"?>
<!-- Generated by org.testng.reporters.JUnitReportReporter -->
<testsuite hostname="DESKTOP-0F0OE94" failures="0" tests="2" name="tests.testng.TestNGHooks01" time="0.001" errors="0" timestamp="2022-08-14T18:31:24 ICT" skipped="2">
  <testcase classname="tests.testng.TestNGHooks01" name="test02" time="0.000">
    <skipped/>
  </testcase> <!-- test02 -->
  <system-out/>
  <testcase classname="tests.testng.TestNGHooks01" name="test01" time="0.001">
    <skipped/>
  </testcase> <!-- test01 -->
  <system-out/>
</testsuite> <!-- tests.testng.TestNGHooks01 -->
