<?xml version="1.0" encoding="UTF-8"?>
<!-- Generated by org.testng.reporters.JUnitReportReporter -->
<testsuite hostname="DESKTOP-0F0OE94" failures="0" tests="3" name="tests.testng.TestNGHooks02" time="0.033" errors="0" timestamp="2022-08-04T16:18:30 ICT" skipped="0">
  <testcase classname="tests.testng.TestNGHooks02" name="test01" time="0.010"/>
  <system-out/>
  <testcase classname="tests.testng.TestNGHooks02" name="test03" time="0.013"/>
  <system-out/>
  <testcase classname="tests.testng.TestNGHooks02" name="test02" time="0.010"/>
  <system-out/>
</testsuite> <!-- tests.testng.TestNGHooks02 -->
